This is XeTeX, Version 3.14159265-2.6-0.999991 (MiKTeX 2.9.7200 64-bit) (preloaded format=xelatex 2020.2.20)  2 MAR 2020 15:37
entering extended mode
**./machinelearning.tex
(machinelearning.tex
LaTeX2e <2019-10-01> patch level 1
("C:\Users\palvi\AppData\Local\Programs\MiKTeX 2.9\tex/latex/base\article.cls"
Document Class: article 2019/08/27 v1.4j Standard LaTeX document class
("C:\Users\palvi\AppData\Local\Programs\MiKTeX 2.9\tex/latex/base\size10.clo"
File: size10.clo 2019/08/27 v1.4j Standard LaTeX file (size option)
)
\c@part=\count80
\c@section=\count81
\c@subsection=\count82
\c@subsubsection=\count83
\c@paragraph=\count84
\c@subparagraph=\count85
\c@figure=\count86
\c@table=\count87
\abovecaptionskip=\skip41
\belowcaptionskip=\skip42
\bibindent=\dimen102
) ("C:\Users\palvi\AppData\Local\Programs\MiKTeX 2.9\tex/latex/base\inputenc.st
y"
Package: inputenc 2018/08/11 v1.3c Input encoding file
\inpenc@prehook=\toks14
\inpenc@posthook=\toks15


Package inputenc Warning: inputenc package ignored with utf8 based engines.

)
("C:\Users\palvi\AppData\Local\Programs\MiKTeX 2.9\tex/latex/geometry\geometry.
sty"
Package: geometry 2018/04/16 v5.8 Page Geometry

("C:\Users\palvi\AppData\Local\Programs\MiKTeX 2.9\tex/latex/graphics\keyval.st
y"
Package: keyval 2014/10/28 v1.15 key=value parser (DPC)
\KV@toks@=\toks16
)
("C:\Users\palvi\AppData\Local\Programs\MiKTeX 2.9\tex/generic/iftex\ifpdf.sty"
Package: ifpdf 2019/10/25 v3.4 ifpdf legacy package. Use iftex instead.
("C:\Users\palvi\AppData\Local\Programs\MiKTeX 2.9\tex/generic/iftex\iftex.sty"
Package: iftex 2019/10/24 v1.0a TeX engine tests
))
("C:\Users\palvi\AppData\Local\Programs\MiKTeX 2.9\tex/generic/iftex\ifvtex.sty
"
Package: ifvtex 2019/10/25 v1.7 ifvtex legacy package. Use iftex instead.
)
("C:\Users\palvi\AppData\Local\Programs\MiKTeX 2.9\tex/generic/iftex\ifxetex.st
y"
Package: ifxetex 2019/10/25 v0.7 ifxetex legacy package. Use iftex instead.
)
\Gm@cnth=\count88
\Gm@cntv=\count89
\c@Gm@tempcnt=\count90
\Gm@bindingoffset=\dimen103
\Gm@wd@mp=\dimen104
\Gm@odd@mp=\dimen105
\Gm@even@mp=\dimen106
\Gm@layoutwidth=\dimen107
\Gm@layoutheight=\dimen108
\Gm@layouthoffset=\dimen109
\Gm@layoutvoffset=\dimen110
\Gm@dimlist=\toks17

("C:\Users\palvi\AppData\Local\Programs\MiKTeX 2.9\tex/xelatex/xetexconfig\geom
etry.cfg"))
("C:\Users\palvi\AppData\Local\Programs\MiKTeX 2.9\tex/latex/graphics\graphicx.
sty"
Package: graphicx 2017/06/01 v1.1a Enhanced LaTeX Graphics (DPC,SPQR)

("C:\Users\palvi\AppData\Local\Programs\MiKTeX 2.9\tex/latex/graphics\graphics.
sty"
Package: graphics 2019/10/08 v1.3c Standard LaTeX Graphics (DPC,SPQR)

("C:\Users\palvi\AppData\Local\Programs\MiKTeX 2.9\tex/latex/graphics\trig.sty"
Package: trig 2016/01/03 v1.10 sin cos tan (DPC)
)
("C:\Users\palvi\AppData\Local\Programs\MiKTeX 2.9\tex/latex/graphics-cfg\graph
ics.cfg"
File: graphics.cfg 2016/06/04 v1.11 sample graphics configuration
)
Package graphics Info: Driver file: xetex.def on input line 105.

("C:\Users\palvi\AppData\Local\Programs\MiKTeX 2.9\tex/latex/graphics-def\xetex
.def"
File: xetex.def 2017/06/24 v5.0h Graphics/color driver for xetex
))
\Gin@req@height=\dimen111
\Gin@req@width=\dimen112
)
("C:\Users\palvi\AppData\Local\Programs\MiKTeX 2.9\tex/latex/minted\minted.sty"
Package: minted 2017/07/19 v2.5 Yet another Pygments shim for LaTeX

("C:\Users\palvi\AppData\Local\Programs\MiKTeX 2.9\tex/latex/oberdiek\kvoptions
.sty"
Package: kvoptions 2016/05/16 v3.12 Key value format for package options (HO)

("C:\Users\palvi\AppData\Local\Programs\MiKTeX 2.9\tex/generic/oberdiek\ltxcmds
.sty"
Package: ltxcmds 2016/05/16 v1.23 LaTeX kernel commands for general use (HO)
)
("C:\Users\palvi\AppData\Local\Programs\MiKTeX 2.9\tex/generic/oberdiek\kvsetke
ys.sty"
Package: kvsetkeys 2016/05/16 v1.17 Key value parser (HO)

("C:\Users\palvi\AppData\Local\Programs\MiKTeX 2.9\tex/generic/oberdiek\infware
rr.sty"
Package: infwarerr 2016/05/16 v1.4 Providing info/warning/error messages (HO)
)
("C:\Users\palvi\AppData\Local\Programs\MiKTeX 2.9\tex/generic/oberdiek\etexcmd
s.sty"
Package: etexcmds 2016/05/16 v1.6 Avoid name clashes with e-TeX commands (HO)

("C:\Users\palvi\AppData\Local\Programs\MiKTeX 2.9\tex/generic/iftex\ifluatex.s
ty"
Package: ifluatex 2019/10/25 v1.5 ifluatex legacy package. Use iftex instead.
))))
("C:\Users\palvi\AppData\Local\Programs\MiKTeX 2.9\tex/latex/fvextra\fvextra.st
y"
Package: fvextra 2019/02/04 v1.4 fvextra - extensions and patches for fancyvrb
 ("C:\Users\palvi\AppData\Local\Programs\MiKTeX 2.9\tex/latex/base\ifthen.sty"
Package: ifthen 2014/09/29 v1.1c Standard LaTeX ifthen package (DPC)
)
("C:\Users\palvi\AppData\Local\Programs\MiKTeX 2.9\tex/latex/etoolbox\etoolbox.
sty"
Package: etoolbox 2019/09/21 v2.5h e-TeX tools for LaTeX (JAW)
\etb@tempcnta=\count91
)
("C:\Users\palvi\AppData\Local\Programs\MiKTeX 2.9\tex/latex/fancyvrb\fancyvrb.
sty"
Package: fancyvrb 2020/01/13 v3.5 verbatim text (tvz,hv)
\FV@CodeLineNo=\count92
\FV@InFile=\read1
\FV@TabBox=\box27
\c@FancyVerbLine=\count93
\FV@StepNumber=\count94
\FV@OutFile=\write3
)
("C:\Users\palvi\AppData\Local\Programs\MiKTeX 2.9\tex/latex/upquote\upquote.st
y"
Package: upquote 2012/04/19 v1.3 upright-quote and grave-accent glyphs in verba
tim

("C:\Users\palvi\AppData\Local\Programs\MiKTeX 2.9\tex/latex/base\textcomp.sty"
Package: textcomp 2018/08/11 v2.0j Standard LaTeX package
Package textcomp Info: Sub-encoding information:
(textcomp)               5 = only ISO-Adobe without \textcurrency
(textcomp)               4 = 5 + \texteuro
(textcomp)               3 = 4 + \textohm
(textcomp)               2 = 3 + \textestimated + \textcurrency
(textcomp)               1 = TS1 - \textcircled - \t
(textcomp)               0 = TS1 (full)
(textcomp)             Font families with sub-encoding setting implement
(textcomp)             only a restricted character set as indicated.
(textcomp)             Family '?' is the default used for unknown fonts.
(textcomp)             See the documentation for details.
Package textcomp Info: Setting ? sub-encoding to TS1/1 on input line 79.
("C:\Users\palvi\AppData\Local\Programs\MiKTeX 2.9\tex/latex/base\ts1enc.def"
File: ts1enc.def 2001/06/05 v3.0e (jk/car/fm) Standard LaTeX file
)
LaTeX Info: Redefining \oldstylenums on input line 334.
Package textcomp Info: Setting cmr sub-encoding to TS1/0 on input line 349.
Package textcomp Info: Setting cmss sub-encoding to TS1/0 on input line 350.
Package textcomp Info: Setting cmtt sub-encoding to TS1/0 on input line 351.
Package textcomp Info: Setting cmvtt sub-encoding to TS1/0 on input line 352.
Package textcomp Info: Setting cmbr sub-encoding to TS1/0 on input line 353.
Package textcomp Info: Setting cmtl sub-encoding to TS1/0 on input line 354.
Package textcomp Info: Setting ccr sub-encoding to TS1/0 on input line 355.
Package textcomp Info: Setting ptm sub-encoding to TS1/4 on input line 356.
Package textcomp Info: Setting pcr sub-encoding to TS1/4 on input line 357.
Package textcomp Info: Setting phv sub-encoding to TS1/4 on input line 358.
Package textcomp Info: Setting ppl sub-encoding to TS1/3 on input line 359.
Package textcomp Info: Setting pag sub-encoding to TS1/4 on input line 360.
Package textcomp Info: Setting pbk sub-encoding to TS1/4 on input line 361.
Package textcomp Info: Setting pnc sub-encoding to TS1/4 on input line 362.
Package textcomp Info: Setting pzc sub-encoding to TS1/4 on input line 363.
Package textcomp Info: Setting bch sub-encoding to TS1/4 on input line 364.
Package textcomp Info: Setting put sub-encoding to TS1/5 on input line 365.
Package textcomp Info: Setting uag sub-encoding to TS1/5 on input line 366.
Package textcomp Info: Setting ugq sub-encoding to TS1/5 on input line 367.
Package textcomp Info: Setting ul8 sub-encoding to TS1/4 on input line 368.
Package textcomp Info: Setting ul9 sub-encoding to TS1/4 on input line 369.
Package textcomp Info: Setting augie sub-encoding to TS1/5 on input line 370.
Package textcomp Info: Setting dayrom sub-encoding to TS1/3 on input line 371.
Package textcomp Info: Setting dayroms sub-encoding to TS1/3 on input line 372.

Package textcomp Info: Setting pxr sub-encoding to TS1/0 on input line 373.
Package textcomp Info: Setting pxss sub-encoding to TS1/0 on input line 374.
Package textcomp Info: Setting pxtt sub-encoding to TS1/0 on input line 375.
Package textcomp Info: Setting txr sub-encoding to TS1/0 on input line 376.
Package textcomp Info: Setting txss sub-encoding to TS1/0 on input line 377.
Package textcomp Info: Setting txtt sub-encoding to TS1/0 on input line 378.
Package textcomp Info: Setting lmr sub-encoding to TS1/0 on input line 379.
Package textcomp Info: Setting lmdh sub-encoding to TS1/0 on input line 380.
Package textcomp Info: Setting lmss sub-encoding to TS1/0 on input line 381.
Package textcomp Info: Setting lmssq sub-encoding to TS1/0 on input line 382.
Package textcomp Info: Setting lmvtt sub-encoding to TS1/0 on input line 383.
Package textcomp Info: Setting lmtt sub-encoding to TS1/0 on input line 384.
Package textcomp Info: Setting qhv sub-encoding to TS1/0 on input line 385.
Package textcomp Info: Setting qag sub-encoding to TS1/0 on input line 386.
Package textcomp Info: Setting qbk sub-encoding to TS1/0 on input line 387.
Package textcomp Info: Setting qcr sub-encoding to TS1/0 on input line 388.
Package textcomp Info: Setting qcs sub-encoding to TS1/0 on input line 389.
Package textcomp Info: Setting qpl sub-encoding to TS1/0 on input line 390.
Package textcomp Info: Setting qtm sub-encoding to TS1/0 on input line 391.
Package textcomp Info: Setting qzc sub-encoding to TS1/0 on input line 392.
Package textcomp Info: Setting qhvc sub-encoding to TS1/0 on input line 393.
Package textcomp Info: Setting futs sub-encoding to TS1/4 on input line 394.
Package textcomp Info: Setting futx sub-encoding to TS1/4 on input line 395.
Package textcomp Info: Setting futj sub-encoding to TS1/4 on input line 396.
Package textcomp Info: Setting hlh sub-encoding to TS1/3 on input line 397.
Package textcomp Info: Setting hls sub-encoding to TS1/3 on input line 398.
Package textcomp Info: Setting hlst sub-encoding to TS1/3 on input line 399.
Package textcomp Info: Setting hlct sub-encoding to TS1/5 on input line 400.
Package textcomp Info: Setting hlx sub-encoding to TS1/5 on input line 401.
Package textcomp Info: Setting hlce sub-encoding to TS1/5 on input line 402.
Package textcomp Info: Setting hlcn sub-encoding to TS1/5 on input line 403.
Package textcomp Info: Setting hlcw sub-encoding to TS1/5 on input line 404.
Package textcomp Info: Setting hlcf sub-encoding to TS1/5 on input line 405.
Package textcomp Info: Setting pplx sub-encoding to TS1/3 on input line 406.
Package textcomp Info: Setting pplj sub-encoding to TS1/3 on input line 407.
Package textcomp Info: Setting ptmx sub-encoding to TS1/4 on input line 408.
Package textcomp Info: Setting ptmj sub-encoding to TS1/4 on input line 409.
)) ("C:\Users\palvi\AppData\Local\Programs\MiKTeX 2.9\tex/latex/lineno\lineno.s
ty"
Package: lineno 2005/11/02 line numbers on paragraphs v4.41
Invalid UTF-8 byte or sequence at line 296 replaced by U+FFFD.
\linenopenalty=\count95
\output=\toks18
\linenoprevgraf=\count96
\linenumbersep=\dimen113
\linenumberwidth=\dimen114
\c@linenumber=\count97
\c@pagewiselinenumber=\count98
\c@LN@truepage=\count99
\c@internallinenumber=\count100
\c@internallinenumbers=\count101
\quotelinenumbersep=\dimen115
\bframerule=\dimen116
\bframesep=\dimen117
\bframebox=\box28
LaTeX Info: Redefining \\ on input line 3056.
)
\c@FV@TrueTabGroupLevel=\count102
\c@FV@TrueTabCounter=\count103
\FV@TabBox@Group=\box29
\FV@TmpLength=\skip43
\c@FV@HighlightLinesStart=\count104
\c@FV@HighlightLinesStop=\count105
\FV@LoopCount=\count106
\FV@NCharsBox=\box30
\FV@BreakIndent=\dimen118
\FV@BreakIndentNChars=\count107
\FV@BreakSymbolSepLeft=\dimen119
\FV@BreakSymbolSepLeftNChars=\count108
\FV@BreakSymbolSepRight=\dimen120
\FV@BreakSymbolSepRightNChars=\count109
\FV@BreakSymbolIndentLeft=\dimen121
\FV@BreakSymbolIndentLeftNChars=\count110
\FV@BreakSymbolIndentRight=\dimen122
\FV@BreakSymbolIndentRightNChars=\count111
\c@FancyVerbLineBreakLast=\count112
\FV@LineBox=\box31
\FV@LineIndentBox=\box32
\FV@LineWidth=\dimen123
) ("C:\Users\palvi\AppData\Local\Programs\MiKTeX 2.9\tex/latex/tools\calc.sty"
Package: calc 2017/05/25 v4.3 Infix arithmetic (KKT,FJ)
\calc@Acount=\count113
\calc@Bcount=\count114
\calc@Adimen=\dimen124
\calc@Bdimen=\dimen125
\calc@Askip=\skip44
\calc@Bskip=\skip45
LaTeX Info: Redefining \setlength on input line 80.
LaTeX Info: Redefining \addtolength on input line 81.
\calc@Ccount=\count115
\calc@Cskip=\skip46
)
("C:\Users\palvi\AppData\Local\Programs\MiKTeX 2.9\tex/latex/tools\shellesc.sty
"
Package: shellesc 2016/06/07 v0.02b unified shell escape interface for LaTeX
Package shellesc Info: Unrestricted shell escape enabled on input line 70.
)
("C:\Users\palvi\AppData\Local\Programs\MiKTeX 2.9\tex/latex/ifplatform\ifplatf
orm.sty"
Package: ifplatform 2017/10/13 v0.4a Testing for the operating system

("C:\Users\palvi\AppData\Local\Programs\MiKTeX 2.9\tex/generic/oberdiek\pdftexc
mds.sty"
Package: pdftexcmds 2019/07/25 v0.30 Utility functions of pdfTeX for LuaTeX (HO
)
Package pdftexcmds Info: LuaTeX not detected.
Package pdftexcmds Info: pdfTeX >= 1.30 not detected.
Package pdftexcmds Info: \pdf@primitive is available.
Package pdftexcmds Info: \pdf@ifprimitive is available.
Package pdftexcmds Info: \pdfdraftmode not found.
)
("C:\Users\palvi\AppData\Local\Programs\MiKTeX 2.9\tex/generic/oberdiek\catchfi
le.sty"
Package: catchfile 2016/05/16 v1.7 Catch the contents of a file (HO)
))
("C:\Users\palvi\AppData\Local\Programs\MiKTeX 2.9\tex/latex/xstring\xstring.st
y"
("C:\Users\palvi\AppData\Local\Programs\MiKTeX 2.9\tex/generic/xstring\xstring.
tex"
\integerpart=\count116
Invalid UTF-8 byte or sequence at line 35 replaced by U+FFFD.
\decimalpart=\count117
Invalid UTF-8 byte or sequence at line 79 replaced by U+FFFD.
Invalid UTF-8 byte or sequence at line 79 replaced by U+FFFD.
Invalid UTF-8 byte or sequence at line 83 replaced by U+FFFD.
Invalid UTF-8 byte or sequence at line 86 replaced by U+FFFD.
Invalid UTF-8 byte or sequence at line 102 replaced by U+FFFD.
Invalid UTF-8 byte or sequence at line 114 replaced by U+FFFD.
Invalid UTF-8 byte or sequence at line 120 replaced by U+FFFD.
Invalid UTF-8 byte or sequence at line 125 replaced by U+FFFD.
Invalid UTF-8 byte or sequence at line 147 replaced by U+FFFD.
Invalid UTF-8 byte or sequence at line 147 replaced by U+FFFD.
Invalid UTF-8 byte or sequence at line 147 replaced by U+FFFD.
Invalid UTF-8 byte or sequence at line 182 replaced by U+FFFD.
Invalid UTF-8 byte or sequence at line 182 replaced by U+FFFD.
Invalid UTF-8 byte or sequence at line 182 replaced by U+FFFD.
Invalid UTF-8 byte or sequence at line 183 replaced by U+FFFD.
Invalid UTF-8 byte or sequence at line 184 replaced by U+FFFD.
Invalid UTF-8 byte or sequence at line 185 replaced by U+FFFD.
Invalid UTF-8 byte or sequence at line 185 replaced by U+FFFD.
Invalid UTF-8 byte or sequence at line 185 replaced by U+FFFD.
Invalid UTF-8 byte or sequence at line 189 replaced by U+FFFD.
Invalid UTF-8 byte or sequence at line 189 replaced by U+FFFD.
Invalid UTF-8 byte or sequence at line 190 replaced by U+FFFD.
Invalid UTF-8 byte or sequence at line 190 replaced by U+FFFD.
Invalid UTF-8 byte or sequence at line 193 replaced by U+FFFD.
Invalid UTF-8 byte or sequence at line 208 replaced by U+FFFD.
Invalid UTF-8 byte or sequence at line 208 replaced by U+FFFD.
Invalid UTF-8 byte or sequence at line 208 replaced by U+FFFD.
Invalid UTF-8 byte or sequence at line 208 replaced by U+FFFD.
Invalid UTF-8 byte or sequence at line 208 replaced by U+FFFD.
Invalid UTF-8 byte or sequence at line 208 replaced by U+FFFD.
Invalid UTF-8 byte or sequence at line 221 replaced by U+FFFD.
Invalid UTF-8 byte or sequence at line 221 replaced by U+FFFD.
Invalid UTF-8 byte or sequence at line 241 replaced by U+FFFD.
Invalid UTF-8 byte or sequence at line 241 replaced by U+FFFD.
Invalid UTF-8 byte or sequence at line 241 replaced by U+FFFD.
Invalid UTF-8 byte or sequence at line 241 replaced by U+FFFD.
Invalid UTF-8 byte or sequence at line 266 replaced by U+FFFD.
Invalid UTF-8 byte or sequence at line 284 replaced by U+FFFD.
Invalid UTF-8 byte or sequence at line 295 replaced by U+FFFD.
Invalid UTF-8 byte or sequence at line 300 replaced by U+FFFD.
Invalid UTF-8 byte or sequence at line 300 replaced by U+FFFD.
Invalid UTF-8 byte or sequence at line 301 replaced by U+FFFD.
Invalid UTF-8 byte or sequence at line 301 replaced by U+FFFD.
Invalid UTF-8 byte or sequence at line 301 replaced by U+FFFD.
Invalid UTF-8 byte or sequence at line 302 replaced by U+FFFD.
Invalid UTF-8 byte or sequence at line 303 replaced by U+FFFD.
Invalid UTF-8 byte or sequence at line 332 replaced by U+FFFD.
Invalid UTF-8 byte or sequence at line 332 replaced by U+FFFD.
Invalid UTF-8 byte or sequence at line 332 replaced by U+FFFD.
Invalid UTF-8 byte or sequence at line 332 replaced by U+FFFD.
Invalid UTF-8 byte or sequence at line 333 replaced by U+FFFD.
Invalid UTF-8 byte or sequence at line 334 replaced by U+FFFD.
Invalid UTF-8 byte or sequence at line 334 replaced by U+FFFD.
Invalid UTF-8 byte or sequence at line 334 replaced by U+FFFD.
Invalid UTF-8 byte or sequence at line 406 replaced by U+FFFD.
Invalid UTF-8 byte or sequence at line 406 replaced by U+FFFD.
Invalid UTF-8 byte or sequence at line 409 replaced by U+FFFD.
Invalid UTF-8 byte or sequence at line 410 replaced by U+FFFD.
Invalid UTF-8 byte or sequence at line 428 replaced by U+FFFD.
Invalid UTF-8 byte or sequence at line 434 replaced by U+FFFD.
Invalid UTF-8 byte or sequence at line 457 replaced by U+FFFD.
Invalid UTF-8 byte or sequence at line 457 replaced by U+FFFD.
Invalid UTF-8 byte or sequence at line 464 replaced by U+FFFD.
Invalid UTF-8 byte or sequence at line 464 replaced by U+FFFD.
Invalid UTF-8 byte or sequence at line 466 replaced by U+FFFD.
Invalid UTF-8 byte or sequence at line 466 replaced by U+FFFD.
Invalid UTF-8 byte or sequence at line 541 replaced by U+FFFD.
Invalid UTF-8 byte or sequence at line 541 replaced by U+FFFD.
Invalid UTF-8 byte or sequence at line 541 replaced by U+FFFD.
Invalid UTF-8 byte or sequence at line 586 replaced by U+FFFD.
Invalid UTF-8 byte or sequence at line 586 replaced by U+FFFD.
Invalid UTF-8 byte or sequence at line 588 replaced by U+FFFD.
Invalid UTF-8 byte or sequence at line 588 replaced by U+FFFD.
Invalid UTF-8 byte or sequence at line 595 replaced by U+FFFD.
Invalid UTF-8 byte or sequence at line 597 replaced by U+FFFD.
Invalid UTF-8 byte or sequence at line 599 replaced by U+FFFD.
Invalid UTF-8 byte or sequence at line 602 replaced by U+FFFD.
Invalid UTF-8 byte or sequence at line 605 replaced by U+FFFD.
Invalid UTF-8 byte or sequence at line 605 replaced by U+FFFD.
Invalid UTF-8 byte or sequence at line 610 replaced by U+FFFD.
Invalid UTF-8 byte or sequence at line 615 replaced by U+FFFD.
Invalid UTF-8 byte or sequence at line 632 replaced by U+FFFD.
Invalid UTF-8 byte or sequence at line 632 replaced by U+FFFD.
Invalid UTF-8 byte or sequence at line 633 replaced by U+FFFD.
Invalid UTF-8 byte or sequence at line 635 replaced by U+FFFD.
Invalid UTF-8 byte or sequence at line 637 replaced by U+FFFD.
Invalid UTF-8 byte or sequence at line 647 replaced by U+FFFD.
Invalid UTF-8 byte or sequence at line 653 replaced by U+FFFD.
Invalid UTF-8 byte or sequence at line 678 replaced by U+FFFD.
Invalid UTF-8 byte or sequence at line 700 replaced by U+FFFD.
Invalid UTF-8 byte or sequence at line 705 replaced by U+FFFD.
Invalid UTF-8 byte or sequence at line 715 replaced by U+FFFD.
Invalid UTF-8 byte or sequence at line 715 replaced by U+FFFD.
Invalid UTF-8 byte or sequence at line 715 replaced by U+FFFD.
Invalid UTF-8 byte or sequence at line 719 replaced by U+FFFD.
Invalid UTF-8 byte or sequence at line 732 replaced by U+FFFD.
Invalid UTF-8 byte or sequence at line 732 replaced by U+FFFD.
Invalid UTF-8 byte or sequence at line 741 replaced by U+FFFD.
Invalid UTF-8 byte or sequence at line 741 replaced by U+FFFD.
Invalid UTF-8 byte or sequence at line 742 replaced by U+FFFD.
Invalid UTF-8 byte or sequence at line 742 replaced by U+FFFD.
Invalid UTF-8 byte or sequence at line 762 replaced by U+FFFD.
Invalid UTF-8 byte or sequence at line 773 replaced by U+FFFD.
Invalid UTF-8 byte or sequence at line 773 replaced by U+FFFD.
Invalid UTF-8 byte or sequence at line 774 replaced by U+FFFD.
Invalid UTF-8 byte or sequence at line 774 replaced by U+FFFD.
Invalid UTF-8 byte or sequence at line 774 replaced by U+FFFD.
Invalid UTF-8 byte or sequence at line 797 replaced by U+FFFD.
Invalid UTF-8 byte or sequence at line 797 replaced by U+FFFD.
Invalid UTF-8 byte or sequence at line 810 replaced by U+FFFD.
Invalid UTF-8 byte or sequence at line 824 replaced by U+FFFD.
Invalid UTF-8 byte or sequence at line 824 replaced by U+FFFD.
Invalid UTF-8 byte or sequence at line 831 replaced by U+FFFD.
Invalid UTF-8 byte or sequence at line 838 replaced by U+FFFD.
Invalid UTF-8 byte or sequence at line 838 replaced by U+FFFD.
Invalid UTF-8 byte or sequence at line 846 replaced by U+FFFD.
Invalid UTF-8 byte or sequence at line 846 replaced by U+FFFD.
Invalid UTF-8 byte or sequence at line 861 replaced by U+FFFD.
Invalid UTF-8 byte or sequence at line 862 replaced by U+FFFD.
Invalid UTF-8 byte or sequence at line 864 replaced by U+FFFD.
Invalid UTF-8 byte or sequence at line 864 replaced by U+FFFD.
Invalid UTF-8 byte or sequence at line 908 replaced by U+FFFD.
Invalid UTF-8 byte or sequence at line 909 replaced by U+FFFD.
Invalid UTF-8 byte or sequence at line 909 replaced by U+FFFD.
Invalid UTF-8 byte or sequence at line 934 replaced by U+FFFD.
Invalid UTF-8 byte or sequence at line 934 replaced by U+FFFD.
Invalid UTF-8 byte or sequence at line 936 replaced by U+FFFD.
Invalid UTF-8 byte or sequence at line 936 replaced by U+FFFD.
Invalid UTF-8 byte or sequence at line 940 replaced by U+FFFD.
Invalid UTF-8 byte or sequence at line 940 replaced by U+FFFD.
Invalid UTF-8 byte or sequence at line 962 replaced by U+FFFD.
Invalid UTF-8 byte or sequence at line 962 replaced by U+FFFD.
Invalid UTF-8 byte or sequence at line 964 replaced by U+FFFD.
Invalid UTF-8 byte or sequence at line 965 replaced by U+FFFD.
Invalid UTF-8 byte or sequence at line 1006 replaced by U+FFFD.
)
Package: xstring 2019/02/06 v1.83 String manipulations (CT)
)
("C:\Users\palvi\AppData\Local\Programs\MiKTeX 2.9\tex/latex/framed\framed.sty"
Package: framed 2011/10/22 v 0.96: framed or shaded text with page breaks
\OuterFrameSep=\skip47
\fb@frw=\dimen126
\fb@frh=\dimen127
\FrameRule=\dimen128
\FrameSep=\dimen129
) ("C:\Users\palvi\AppData\Local\Programs\MiKTeX 2.9\tex/latex/float\float.sty"
Package: float 2001/11/08 v1.3d Float enhancements (AL)
\c@float@type=\count118
\float@exts=\toks19
\float@box=\box33
\@float@everytoks=\toks20
\@floatcapt=\box34
)
\minted@appexistsfile=\read2
\minted@bgbox=\box35
\minted@code=\write4
\c@minted@FancyVerbLineTemp=\count119
\c@minted@pygmentizecounter=\count120
\@float@every@listing=\toks21
\c@listing=\count121
)
runsystem(if not exist _minted-machinelearning mkdir _minted-machinelearning)..
.executed.


("C:\Users\palvi\AppData\Local\Programs\MiKTeX 2.9\tex/latex/fancyhdr\fancyhdr.
sty"
Package: fancyhdr 2019/01/31 v3.10 Extensive control of page headers and footer
s
\f@nch@headwidth=\skip48
\f@nch@O@elh=\skip49
\f@nch@O@erh=\skip50
\f@nch@O@olh=\skip51
\f@nch@O@orh=\skip52
\f@nch@O@elf=\skip53
\f@nch@O@erf=\skip54
\f@nch@O@olf=\skip55
\f@nch@O@orf=\skip56
)
("C:\Users\palvi\AppData\Local\Programs\MiKTeX 2.9\tex/latex/mathpartir\mathpar
tir.sty"
Package: mathpartir 2016/02/24 version 1.3.2 Math Paragraph for Typesetting Inf
erence Rules
\mpr@andskip=\skip57
\mpr@lista=\toks22
\mpr@listb=\toks23
\mpr@hlist=\box36
\mpr@vlist=\box37
\mpr@right=\box38
)
("C:\Users\palvi\AppData\Local\Programs\MiKTeX 2.9\tex/latex/bussproofs\busspro
ofs.sty"
Proof Tree (bussproofs) style macros. Version 1.1.
\theLevel=\count122
\myMaxLevel=\count123
\myBoxA=\box39
\myBoxB=\box40
\myBoxC=\box41
\myBoxD=\box42
\myBoxLL=\box43
\myBoxRL=\box44
\thisAboveSkip=\dimen130
\thisBelowSkip=\dimen131
\newScoreStart=\dimen132
\newScoreEnd=\dimen133
\newCenter=\dimen134
\displace=\dimen135
\leftLowerAmt=\dimen136
\rightLowerAmt=\dimen137
\scoreHeight=\dimen138
\scoreDepth=\dimen139
\htLbox=\dimen140
\htRbox=\dimen141
\htRRbox=\dimen142
\htRRRbox=\dimen143
\htAbox=\dimen144
\htCbox=\dimen145
) ("C:\Users\palvi\AppData\Local\Programs\MiKTeX 2.9\tex/latex/cancel\cancel.st
y"
Package: cancel 2013/04/12 v2.2 Cancel math terms
)
("C:\Users\palvi\AppData\Local\Programs\MiKTeX 2.9\tex/latex/tools\tabularx.sty
"
Package: tabularx 2016/02/03 v2.11b `tabularx' package (DPC)
 ("C:\Users\palvi\AppData\Local\Programs\MiKTeX 2.9\tex/latex/tools\array.sty"
Package: array 2019/08/31 v2.4l Tabular extension package (FMi)
\col@sep=\dimen146
\ar@mcellbox=\box45
\extrarowheight=\dimen147
\NC@list=\toks24
\extratabsurround=\skip58
\backup@length=\skip59
\ar@cellbox=\box46
)
\TX@col@width=\dimen148
\TX@old@table=\dimen149
\TX@old@col=\dimen150
\TX@target=\dimen151
\TX@delta=\dimen152
\TX@cols=\count124
\TX@ftn=\toks25
)
("C:\Users\palvi\AppData\Local\Programs\MiKTeX 2.9\tex/latex/amsmath\amsmath.st
y"
Package: amsmath 2019/04/01 v2.17c AMS math features
\@mathmargin=\skip60

For additional information on amsmath, use the `?' option.

("C:\Users\palvi\AppData\Local\Programs\MiKTeX 2.9\tex/latex/amsmath\amstext.st
y"
Package: amstext 2000/06/29 v2.01 AMS text

("C:\Users\palvi\AppData\Local\Programs\MiKTeX 2.9\tex/latex/amsmath\amsgen.sty
"
File: amsgen.sty 1999/11/30 v2.0 generic functions
\@emptytoks=\toks26
\ex@=\dimen153
))
("C:\Users\palvi\AppData\Local\Programs\MiKTeX 2.9\tex/latex/amsmath\amsbsy.sty
"
Package: amsbsy 1999/11/29 v1.2d Bold Symbols
\pmbraise@=\dimen154
)
("C:\Users\palvi\AppData\Local\Programs\MiKTeX 2.9\tex/latex/amsmath\amsopn.sty
"
Package: amsopn 2016/03/08 v2.02 operator names
)
\inf@bad=\count125
LaTeX Info: Redefining \frac on input line 227.
\uproot@=\count126
\leftroot@=\count127
LaTeX Info: Redefining \overline on input line 389.
\classnum@=\count128
\DOTSCASE@=\count129
LaTeX Info: Redefining \ldots on input line 486.
LaTeX Info: Redefining \dots on input line 489.
LaTeX Info: Redefining \cdots on input line 610.
\Mathstrutbox@=\box47
\strutbox@=\box48
\big@size=\dimen155
LaTeX Font Info:    Redeclaring font encoding OML on input line 733.
LaTeX Font Info:    Redeclaring font encoding OMS on input line 734.
\macc@depth=\count130
\c@MaxMatrixCols=\count131
\dotsspace@=\muskip10
\c@parentequation=\count132
\dspbrk@lvl=\count133
\tag@help=\toks27
\row@=\count134
\column@=\count135
\maxfields@=\count136
\andhelp@=\toks28
\eqnshift@=\dimen156
\alignsep@=\dimen157
\tagshift@=\dimen158
\tagwidth@=\dimen159
\totwidth@=\dimen160
\lineht@=\dimen161
\@envbody=\toks29
\multlinegap=\skip61
\multlinetaggap=\skip62
\mathdisplay@stack=\toks30
LaTeX Info: Redefining \[ on input line 2855.
LaTeX Info: Redefining \] on input line 2856.
) ("C:\Users\palvi\AppData\Local\Programs\MiKTeX 2.9\tex/latex/tools\bm.sty"
Package: bm 2019/07/24 v1.2d Bold Symbol Support (DPC/FMi)
\symboldoperators=\mathgroup4
\symboldletters=\mathgroup5
\symboldsymbols=\mathgroup6
LaTeX Font Info:    Redeclaring math alphabet \mathbf on input line 141.
LaTeX Info: Redefining \bm on input line 209.
)
("C:\Users\palvi\AppData\Local\Programs\MiKTeX 2.9\tex/latex/unicode-math\unico
de-math.sty"
("C:\Users\palvi\AppData\Local\Programs\MiKTeX 2.9\tex/latex/l3kernel\expl3.sty
"
Package: expl3 2019-11-07 L3 programming layer (loader) 

("C:\Users\palvi\AppData\Local\Programs\MiKTeX 2.9\tex/latex/l3kernel\expl3-cod
e.tex"
Package: expl3 2019-11-07 L3 programming layer (code)
\c_max_int=\count137
\l_tmpa_int=\count138
\l_tmpb_int=\count139
\g_tmpa_int=\count140
\g_tmpb_int=\count141
\l__seq_internal_a_int=\count142
\l__seq_internal_b_int=\count143
\g__kernel_prg_map_int=\count144
\c__ior_term_noprompt_ior=\count145
\c_log_iow=\count146
\l_iow_line_count_int=\count147
\l__iow_line_target_int=\count148
\l__iow_one_indent_int=\count149
\l__iow_indent_int=\count150
\c_zero_dim=\dimen162
\c_max_dim=\dimen163
\l_tmpa_dim=\dimen164
\l_tmpb_dim=\dimen165
\g_tmpa_dim=\dimen166
\g_tmpb_dim=\dimen167
\c_zero_skip=\skip63
\c_max_skip=\skip64
\l_tmpa_skip=\skip65
\l_tmpb_skip=\skip66
\g_tmpa_skip=\skip67
\g_tmpb_skip=\skip68
\c_zero_muskip=\muskip11
\c_max_muskip=\muskip12
\l_tmpa_muskip=\muskip13
\l_tmpb_muskip=\muskip14
\g_tmpa_muskip=\muskip15
\g_tmpb_muskip=\muskip16
\l_keys_choice_int=\count151
\l__intarray_loop_int=\count152
\c__intarray_sp_dim=\dimen168
\g__intarray_font_int=\count153
\c__fp_leading_shift_int=\count154
\c__fp_middle_shift_int=\count155
\c__fp_trailing_shift_int=\count156
\c__fp_big_leading_shift_int=\count157
\c__fp_big_middle_shift_int=\count158
\c__fp_big_trailing_shift_int=\count159
\c__fp_Bigg_leading_shift_int=\count160
\c__fp_Bigg_middle_shift_int=\count161
\c__fp_Bigg_trailing_shift_int=\count162
\g__fp_array_int=\count163
\l__fp_array_loop_int=\count164
\l__sort_length_int=\count165
\l__sort_min_int=\count166
\l__sort_top_int=\count167
\l__sort_max_int=\count168
\l__sort_true_max_int=\count169
\l__sort_block_int=\count170
\l__sort_begin_int=\count171
\l__sort_end_int=\count172
\l__sort_A_int=\count173
\l__sort_B_int=\count174
\l__sort_C_int=\count175
\l__str_internal_int=\count176
\l__tl_analysis_normal_int=\count177
\l__tl_analysis_index_int=\count178
\l__tl_analysis_nesting_int=\count179
\l__tl_analysis_type_int=\count180
\l__regex_internal_a_int=\count181
\l__regex_internal_b_int=\count182
\l__regex_internal_c_int=\count183
\l__regex_balance_int=\count184
\l__regex_group_level_int=\count185
\l__regex_mode_int=\count186
\c__regex_cs_in_class_mode_int=\count187
\c__regex_cs_mode_int=\count188
\l__regex_catcodes_int=\count189
\l__regex_default_catcodes_int=\count190
\c__regex_catcode_L_int=\count191
\c__regex_catcode_O_int=\count192
\c__regex_catcode_A_int=\count193
\c__regex_all_catcodes_int=\count194
\l__regex_show_lines_int=\count195
\l__regex_min_state_int=\count196
\l__regex_max_state_int=\count197
\l__regex_left_state_int=\count198
\l__regex_right_state_int=\count199
\l__regex_capturing_group_int=\count266
\l__regex_min_pos_int=\count267
\l__regex_max_pos_int=\count268
\l__regex_curr_pos_int=\count269
\l__regex_start_pos_int=\count270
\l__regex_success_pos_int=\count271
\l__regex_curr_char_int=\count272
\l__regex_curr_catcode_int=\count273
\l__regex_last_char_int=\count274
\l__regex_case_changed_char_int=\count275
\l__regex_curr_state_int=\count276
\l__regex_step_int=\count277
\l__regex_min_active_int=\count278
\l__regex_max_active_int=\count279
\l__regex_replacement_csnames_int=\count280
\l__regex_match_count_int=\count281
\l__regex_min_submatch_int=\count282
\l__regex_submatch_int=\count283
\l__regex_zeroth_submatch_int=\count284
\g__regex_trace_regex_int=\count285
\c_empty_box=\box49
\l_tmpa_box=\box50
\l_tmpb_box=\box51
\g_tmpa_box=\box52
\g_tmpb_box=\box53
\l__box_top_dim=\dimen169
\l__box_bottom_dim=\dimen170
\l__box_left_dim=\dimen171
\l__box_right_dim=\dimen172
\l__box_top_new_dim=\dimen173
\l__box_bottom_new_dim=\dimen174
\l__box_left_new_dim=\dimen175
\l__box_right_new_dim=\dimen176
\l__box_internal_box=\box54
\l__coffin_internal_box=\box55
\l__coffin_internal_dim=\dimen177
\l__coffin_offset_x_dim=\dimen178
\l__coffin_offset_y_dim=\dimen179
\l__coffin_x_dim=\dimen180
\l__coffin_y_dim=\dimen181
\l__coffin_x_prime_dim=\dimen182
\l__coffin_y_prime_dim=\dimen183
\c_empty_coffin=\box56
\l__coffin_aligned_coffin=\box57
\l__coffin_aligned_internal_coffin=\box58
\l_tmpa_coffin=\box59
\l_tmpb_coffin=\box60
\g_tmpa_coffin=\box61
\g_tmpb_coffin=\box62
\l__coffin_bounding_shift_dim=\dimen184
\l__coffin_left_corner_dim=\dimen185
\l__coffin_right_corner_dim=\dimen186
\l__coffin_bottom_corner_dim=\dimen187
\l__coffin_top_corner_dim=\dimen188
\l__coffin_scaled_total_height_dim=\dimen189
\l__coffin_scaled_width_dim=\dimen190
\c__coffin_empty_coffin=\box63
\l__coffin_display_coffin=\box64
\l__coffin_display_coord_coffin=\box65
\l__coffin_display_pole_coffin=\box66
\l__coffin_display_offset_dim=\dimen191
\l__coffin_display_x_dim=\dimen192
\l__coffin_display_y_dim=\dimen193
\g__char_data_ior=\read3

("C:\Users\palvi\AppData\Local\Programs\MiKTeX 2.9\tex/latex/l3kernel\l3depreca
tion.def"
File: l3deprecation.def 2019-04-06 v L3 Deprecated functions
))
("C:\Users\palvi\AppData\Local\Programs\MiKTeX 2.9\tex/latex/l3backend\l3backen
d-xdvipdfmx.def"
File: l3backend-xdvipdfmx.def 2019-04-06 L3 backend support: xdvipdfmx
\g__graphics_track_int=\count286
\l__pdf_internal_box=\box67
\g__pdf_backend_object_int=\count287
\g__pdf_backend_annotation_int=\count288
))
Package: unicode-math 2020/01/31 v0.8q Unicode maths in XeLaTeX and LuaLaTeX

("C:\Users\palvi\AppData\Local\Programs\MiKTeX 2.9\tex/latex/unicode-math\unico
de-math-xetex.sty"
Package: unicode-math-xetex 2020/01/31 v0.8q Unicode maths in XeLaTeX and LuaLa
TeX

("C:\Users\palvi\AppData\Local\Programs\MiKTeX 2.9\tex/latex/l3packages/xparse\
xparse.sty"
Package: xparse 2019-10-11 L3 Experimental document command parser
\l__xparse_current_arg_int=\count289
\g__xparse_grabber_int=\count290
\l__xparse_m_args_int=\count291
\l__xparse_v_nesting_int=\count292
)
("C:\Users\palvi\AppData\Local\Programs\MiKTeX 2.9\tex/latex/l3packages/l3keys2
e\l3keys2e.sty"
Package: l3keys2e 2019-10-11 LaTeX2e option processing using LaTeX3 keys
)
("C:\Users\palvi\AppData\Local\Programs\MiKTeX 2.9\tex/latex/fontspec\fontspec.
sty"
Package: fontspec 2019/10/19 v2.7d Font selection for XeLaTeX and LuaLaTeX

("C:\Users\palvi\AppData\Local\Programs\MiKTeX 2.9\tex/latex/fontspec\fontspec-
xetex.sty"
Package: fontspec-xetex 2019/10/19 v2.7d Font selection for XeLaTeX and LuaLaTe
X
\l__fontspec_script_int=\count293
\l__fontspec_language_int=\count294
\l__fontspec_strnum_int=\count295
\l__fontspec_tmp_int=\count296
\l__fontspec_tmpa_int=\count297
\l__fontspec_tmpb_int=\count298
\l__fontspec_tmpc_int=\count299
\l__fontspec_em_int=\count300
\l__fontspec_emdef_int=\count301
\l__fontspec_strong_int=\count302
\l__fontspec_strongdef_int=\count303
\l__fontspec_tmpa_dim=\dimen194
\l__fontspec_tmpb_dim=\dimen195
\l__fontspec_tmpc_dim=\dimen196

("C:\Users\palvi\AppData\Local\Programs\MiKTeX 2.9\tex/latex/base\fontenc.sty"
Package: fontenc 2018/08/11 v2.0j Standard LaTeX package

("C:\Users\palvi\AppData\Local\Programs\MiKTeX 2.9\tex/latex/base\tuenc.def"
File: tuenc.def 2018/08/11 v2.0j Standard LaTeX file
LaTeX Font Info:    Redeclaring font encoding TU on input line 82.
))
("C:\Users\palvi\AppData\Local\Programs\MiKTeX 2.9\tex/latex/fontspec\fontspec.
cfg")
LaTeX Info: Redefining \itshape on input line 4047.
LaTeX Info: Redefining \slshape on input line 4052.
LaTeX Info: Redefining \scshape on input line 4057.
LaTeX Info: Redefining \upshape on input line 4062.
LaTeX Info: Redefining \em on input line 4092.
LaTeX Info: Redefining \emph on input line 4117.
))
("C:\Users\palvi\AppData\Local\Programs\MiKTeX 2.9\tex/latex/base\fix-cm.sty"
Package: fix-cm 2015/01/14 v1.1t fixes to LaTeX

("C:\Users\palvi\AppData\Local\Programs\MiKTeX 2.9\tex/latex/base\ts1enc.def"
File: ts1enc.def 2001/06/05 v3.0e (jk/car/fm) Standard LaTeX file
LaTeX Font Info:    Redeclaring font encoding TS1 on input line 47.
))
\g__um_fam_int=\count304
\g__um_fonts_used_int=\count305
\l__um_primecount_int=\count306
\g__um_primekern_muskip=\muskip17

("C:\Users\palvi\AppData\Local\Programs\MiKTeX 2.9\tex/latex/unicode-math\unico
de-math-table.tex")))

Package fontspec Info: Could not resolve font "CambriaMath/B" (it probably
(fontspec)             doesn't exist).


Package fontspec Info: Font family 'CambriaMath(0)' created for font
(fontspec)             'CambriaMath' with options
(fontspec)             [BoldItalicFont={},ItalicFont={},SmallCapsFont={},Script
=Math].
(fontspec)              
(fontspec)              This font family consists of the following NFSS
(fontspec)             series/shapes:
(fontspec)              
(fontspec)             - 'normal' (m/n) with NFSS spec.:
(fontspec)             <->"CambriaMath/OT:script=math;language=DFLT;"
(fontspec)             - 'small caps'  (m/sc) with NFSS spec.: 


Package fontspec Info: Could not resolve font "CambriaMath/B" (it probably
(fontspec)             doesn't exist).


Package fontspec Info: Font family 'CambriaMath(1)' created for font
(fontspec)             'CambriaMath' with options
(fontspec)             [BoldItalicFont={},ItalicFont={},SmallCapsFont={},Script
=Math,SizeFeatures={{Size=8.65-},{Size=6.65-8.65,Font=CambriaMath,Style=MathScr
ipt},{Size=-6.65,Font=CambriaMath,Style=MathScriptScript}}].
(fontspec)              
(fontspec)              This font family consists of the following NFSS
(fontspec)             series/shapes:
(fontspec)              
(fontspec)             - 'normal' (m/n) with NFSS spec.:
(fontspec)             <8.65->"CambriaMath/OT:script=math;language=DFLT;"<6.65-
8.65>"CambriaMath/OT:script=math;language=DFLT;+ssty=0;"<-6.65>"CambriaMath/OT:
script=math;language=DFLT;+ssty=1;"
(fontspec)             - 'small caps'  (m/sc) with NFSS spec.: 

LaTeX Font Info:    Encoding `OT1' has changed to `TU' for symbol font
(Font)              `operators' in the math version `normal' on input line 35.
LaTeX Font Info:    Overwriting symbol font `operators' in version `normal'
(Font)                  OT1/cmr/m/n --> TU/CambriaMath(1)/m/n on input line 35.

LaTeX Font Info:    Encoding `OT1' has changed to `TU' for symbol font
(Font)              `operators' in the math version `bold' on input line 35.
LaTeX Font Info:    Overwriting symbol font `operators' in version `bold'
(Font)                  OT1/cmr/bx/n --> TU/CambriaMath(1)/bx/n on input line 3
5.

Package fontspec Info: CambriaMath scale = 1.0001.


Package fontspec Info: Could not resolve font "CambriaMath/B" (it probably
(fontspec)             doesn't exist).


Package fontspec Info: CambriaMath scale = 1.0001.


Package fontspec Info: CambriaMath scale = 1.0001.


Package fontspec Info: CambriaMath scale = 1.0001.


Package fontspec Info: Font family 'CambriaMath(2)' created for font
(fontspec)             'CambriaMath' with options
(fontspec)             [BoldItalicFont={},ItalicFont={},SmallCapsFont={},Script
=Math,SizeFeatures={{Size=8.65-},{Size=6.65-8.65,Font=CambriaMath,Style=MathScr
ipt},{Size=-6.65,Font=CambriaMath,Style=MathScriptScript}},ScaleAgain=1.0001,Fo
ntAdjustment={\fontdimen
(fontspec)             8\font =7.56836pt\relax \fontdimen 9\font
(fontspec)             =5.85938pt\relax \fontdimen 10\font =4.58984pt\relax
(fontspec)             \fontdimen 11\font =6.68945pt\relax \fontdimen 12\font
(fontspec)             =5.0293pt\relax \fontdimen 13\font =3.66211pt\relax
(fontspec)             \fontdimen 14\font =3.66211pt\relax \fontdimen 15\font
(fontspec)             =3.00293pt\relax \fontdimen 16\font =2.04102pt\relax
(fontspec)             \fontdimen 17\font =2.04102pt\relax \fontdimen 18\font
(fontspec)             =2.2461pt\relax \fontdimen 19\font =1.5625pt\relax
(fontspec)             \fontdimen 22\font =2.85645pt\relax \fontdimen 20\font
(fontspec)             =0pt\relax \fontdimen 21\font =0pt\relax }].
(fontspec)              
(fontspec)              This font family consists of the following NFSS
(fontspec)             series/shapes:
(fontspec)              
(fontspec)             - 'normal' (m/n) with NFSS spec.:
(fontspec)             <8.65->s*[1.0001]"CambriaMath/OT:script=math;language=DF
LT;"<6.65-8.65>s*[1.0001]"CambriaMath/OT:script=math;language=DFLT;+ssty=0;"<-6
.65>s*[1.0001]"CambriaMath/OT:script=math;language=DFLT;+ssty=1;"
(fontspec)             - 'small caps'  (m/sc) with NFSS spec.: 
(fontspec)             and font adjustment code:
(fontspec)             \fontdimen 8\font =7.56836pt\relax \fontdimen 9\font
(fontspec)             =5.85938pt\relax \fontdimen 10\font =4.58984pt\relax
(fontspec)             \fontdimen 11\font =6.68945pt\relax \fontdimen 12\font
(fontspec)             =5.0293pt\relax \fontdimen 13\font =3.66211pt\relax
(fontspec)             \fontdimen 14\font =3.66211pt\relax \fontdimen 15\font
(fontspec)             =3.00293pt\relax \fontdimen 16\font =2.04102pt\relax
(fontspec)             \fontdimen 17\font =2.04102pt\relax \fontdimen 18\font
(fontspec)             =2.2461pt\relax \fontdimen 19\font =1.5625pt\relax
(fontspec)             \fontdimen 22\font =2.85645pt\relax \fontdimen 20\font
(fontspec)             =0pt\relax \fontdimen 21\font =0pt\relax 

LaTeX Font Info:    Encoding `OMS' has changed to `TU' for symbol font
(Font)              `symbols' in the math version `normal' on input line 35.
LaTeX Font Info:    Overwriting symbol font `symbols' in version `normal'
(Font)                  OMS/cmsy/m/n --> TU/CambriaMath(2)/m/n on input line 35
.
LaTeX Font Info:    Encoding `OMS' has changed to `TU' for symbol font
(Font)              `symbols' in the math version `bold' on input line 35.
LaTeX Font Info:    Overwriting symbol font `symbols' in version `bold'
(Font)                  OMS/cmsy/b/n --> TU/CambriaMath(2)/bx/n on input line 3
5.

Package fontspec Info: CambriaMath scale = 0.9999.


Package fontspec Info: Could not resolve font "CambriaMath/B" (it probably
(fontspec)             doesn't exist).


Package fontspec Info: CambriaMath scale = 0.9999.


Package fontspec Info: CambriaMath scale = 0.9999.


Package fontspec Info: CambriaMath scale = 0.9999.


Package fontspec Info: Font family 'CambriaMath(3)' created for font
(fontspec)             'CambriaMath' with options
(fontspec)             [BoldItalicFont={},ItalicFont={},SmallCapsFont={},Script
=Math,SizeFeatures={{Size=8.65-},{Size=6.65-8.65,Font=CambriaMath,Style=MathScr
ipt},{Size=-6.65,Font=CambriaMath,Style=MathScriptScript}},ScaleAgain=0.9999,Fo
ntAdjustment={\fontdimen
(fontspec)             8\font =0.64941pt\relax \fontdimen 9\font
(fontspec)             =0.64941pt\relax \fontdimen 10\font =0.64941pt\relax
(fontspec)             \fontdimen 11\font =2.4414pt\relax \fontdimen 12\font
(fontspec)             =6.05469pt\relax \fontdimen 13\font =0pt\relax }].
(fontspec)              
(fontspec)              This font family consists of the following NFSS
(fontspec)             series/shapes:
(fontspec)              
(fontspec)             - 'normal' (m/n) with NFSS spec.:
(fontspec)             <8.65->s*[0.9999]"CambriaMath/OT:script=math;language=DF
LT;"<6.65-8.65>s*[0.9999]"CambriaMath/OT:script=math;language=DFLT;+ssty=0;"<-6
.65>s*[0.9999]"CambriaMath/OT:script=math;language=DFLT;+ssty=1;"
(fontspec)             - 'small caps'  (m/sc) with NFSS spec.: 
(fontspec)             and font adjustment code:
(fontspec)             \fontdimen 8\font =0.64941pt\relax \fontdimen 9\font
(fontspec)             =0.64941pt\relax \fontdimen 10\font =0.64941pt\relax
(fontspec)             \fontdimen 11\font =2.4414pt\relax \fontdimen 12\font
(fontspec)             =6.05469pt\relax \fontdimen 13\font =0pt\relax 

LaTeX Font Info:    Encoding `OMX' has changed to `TU' for symbol font
(Font)              `largesymbols' in the math version `normal' on input line 3
5.
LaTeX Font Info:    Overwriting symbol font `largesymbols' in version `normal'
(Font)                  OMX/cmex/m/n --> TU/CambriaMath(3)/m/n on input line 35
.
LaTeX Font Info:    Encoding `OMX' has changed to `TU' for symbol font
(Font)              `largesymbols' in the math version `bold' on input line 35.

LaTeX Font Info:    Overwriting symbol font `largesymbols' in version `bold'
(Font)                  OMX/cmex/m/n --> TU/CambriaMath(3)/bx/n on input line 3
5.
LaTeX Font Info:    Redeclaring math version `bold' on input line 36.

Package fontspec Info: Could not resolve font "CambriaMath/B" (it probably
(fontspec)             doesn't exist).


Package fontspec Info: Font family 'CambriaMath(4)' created for font
(fontspec)             'CambriaMath' with options
(fontspec)             [BoldItalicFont={},ItalicFont={},SmallCapsFont={},Script
=Math,FakeBold={2}].
(fontspec)              
(fontspec)              This font family consists of the following NFSS
(fontspec)             series/shapes:
(fontspec)              
(fontspec)             - 'normal' (m/n) with NFSS spec.:
(fontspec)             <->"CambriaMath/OT:script=math;language=DFLT;embolden=2;
"
(fontspec)             - 'small caps'  (m/sc) with NFSS spec.: 


Package fontspec Info: Could not resolve font "CambriaMath/B" (it probably
(fontspec)             doesn't exist).


Package fontspec Info: Font family 'CambriaMath(5)' created for font
(fontspec)             'CambriaMath' with options
(fontspec)             [BoldItalicFont={},ItalicFont={},SmallCapsFont={},Script
=Math,SizeFeatures={{Size=8.65-},{Size=6.65-8.65,Font=CambriaMath,Style=MathScr
ipt},{Size=-6.65,Font=CambriaMath,Style=MathScriptScript}},FakeBold={2}].
(fontspec)              
(fontspec)              This font family consists of the following NFSS
(fontspec)             series/shapes:
(fontspec)              
(fontspec)             - 'normal' (m/n) with NFSS spec.:
(fontspec)             <8.65->"CambriaMath/OT:script=math;language=DFLT;embolde
n=2;"<6.65-8.65>"CambriaMath/OT:script=math;language=DFLT;embolden=2;+ssty=0;"<
-6.65>"CambriaMath/OT:script=math;language=DFLT;embolden=2;+ssty=1;"
(fontspec)             - 'small caps'  (m/sc) with NFSS spec.: 

LaTeX Font Info:    Encoding `OT1' has changed to `TU' for symbol font
(Font)              `operators' in the math version `bold' on input line 36.
LaTeX Font Info:    Overwriting symbol font `operators' in version `bold'
(Font)                  OT1/cmr/m/n --> TU/CambriaMath(5)/m/n on input line 36.


Package fontspec Info: CambriaMath scale = 1.0001.


Package fontspec Info: Could not resolve font "CambriaMath/B" (it probably
(fontspec)             doesn't exist).


Package fontspec Info: CambriaMath scale = 1.0001.


Package fontspec Info: CambriaMath scale = 1.0001.


Package fontspec Info: CambriaMath scale = 1.0001.


Package fontspec Info: Font family 'CambriaMath(6)' created for font
(fontspec)             'CambriaMath' with options
(fontspec)             [BoldItalicFont={},ItalicFont={},SmallCapsFont={},Script
=Math,SizeFeatures={{Size=8.65-},{Size=6.65-8.65,Font=CambriaMath,Style=MathScr
ipt},{Size=-6.65,Font=CambriaMath,Style=MathScriptScript}},FakeBold={2},ScaleAg
ain=1.0001,FontAdjustment={\fontdimen
(fontspec)             8\font =7.56836pt\relax \fontdimen 9\font
(fontspec)             =5.85938pt\relax \fontdimen 10\font =4.58984pt\relax
(fontspec)             \fontdimen 11\font =6.68945pt\relax \fontdimen 12\font
(fontspec)             =5.0293pt\relax \fontdimen 13\font =3.66211pt\relax
(fontspec)             \fontdimen 14\font =3.66211pt\relax \fontdimen 15\font
(fontspec)             =3.00293pt\relax \fontdimen 16\font =2.04102pt\relax
(fontspec)             \fontdimen 17\font =2.04102pt\relax \fontdimen 18\font
(fontspec)             =2.2461pt\relax \fontdimen 19\font =1.5625pt\relax
(fontspec)             \fontdimen 22\font =2.85645pt\relax \fontdimen 20\font
(fontspec)             =0pt\relax \fontdimen 21\font =0pt\relax }].
(fontspec)              
(fontspec)              This font family consists of the following NFSS
(fontspec)             series/shapes:
(fontspec)              
(fontspec)             - 'normal' (m/n) with NFSS spec.:
(fontspec)             <8.65->s*[1.0001]"CambriaMath/OT:script=math;language=DF
LT;embolden=2;"<6.65-8.65>s*[1.0001]"CambriaMath/OT:script=math;language=DFLT;e
mbolden=2;+ssty=0;"<-6.65>s*[1.0001]"CambriaMath/OT:script=math;language=DFLT;e
mbolden=2;+ssty=1;"
(fontspec)             - 'small caps'  (m/sc) with NFSS spec.: 
(fontspec)             and font adjustment code:
(fontspec)             \fontdimen 8\font =7.56836pt\relax \fontdimen 9\font
(fontspec)             =5.85938pt\relax \fontdimen 10\font =4.58984pt\relax
(fontspec)             \fontdimen 11\font =6.68945pt\relax \fontdimen 12\font
(fontspec)             =5.0293pt\relax \fontdimen 13\font =3.66211pt\relax
(fontspec)             \fontdimen 14\font =3.66211pt\relax \fontdimen 15\font
(fontspec)             =3.00293pt\relax \fontdimen 16\font =2.04102pt\relax
(fontspec)             \fontdimen 17\font =2.04102pt\relax \fontdimen 18\font
(fontspec)             =2.2461pt\relax \fontdimen 19\font =1.5625pt\relax
(fontspec)             \fontdimen 22\font =2.85645pt\relax \fontdimen 20\font
(fontspec)             =0pt\relax \fontdimen 21\font =0pt\relax 

LaTeX Font Info:    Encoding `OMS' has changed to `TU' for symbol font
(Font)              `symbols' in the math version `bold' on input line 36.
LaTeX Font Info:    Overwriting symbol font `symbols' in version `bold'
(Font)                  OMS/cmsy/m/n --> TU/CambriaMath(6)/m/n on input line 36
.

Package fontspec Info: CambriaMath scale = 0.9999.


Package fontspec Info: Could not resolve font "CambriaMath/B" (it probably
(fontspec)             doesn't exist).


Package fontspec Info: CambriaMath scale = 0.9999.


Package fontspec Info: CambriaMath scale = 0.9999.


Package fontspec Info: CambriaMath scale = 0.9999.


Package fontspec Info: Font family 'CambriaMath(7)' created for font
(fontspec)             'CambriaMath' with options
(fontspec)             [BoldItalicFont={},ItalicFont={},SmallCapsFont={},Script
=Math,SizeFeatures={{Size=8.65-},{Size=6.65-8.65,Font=CambriaMath,Style=MathScr
ipt},{Size=-6.65,Font=CambriaMath,Style=MathScriptScript}},FakeBold={2},ScaleAg
ain=0.9999,FontAdjustment={\fontdimen
(fontspec)             8\font =0.64941pt\relax \fontdimen 9\font
(fontspec)             =0.64941pt\relax \fontdimen 10\font =0.64941pt\relax
(fontspec)             \fontdimen 11\font =2.4414pt\relax \fontdimen 12\font
(fontspec)             =6.05469pt\relax \fontdimen 13\font =0pt\relax }].
(fontspec)              
(fontspec)              This font family consists of the following NFSS
(fontspec)             series/shapes:
(fontspec)              
(fontspec)             - 'normal' (m/n) with NFSS spec.:
(fontspec)             <8.65->s*[0.9999]"CambriaMath/OT:script=math;language=DF
LT;embolden=2;"<6.65-8.65>s*[0.9999]"CambriaMath/OT:script=math;language=DFLT;e
mbolden=2;+ssty=0;"<-6.65>s*[0.9999]"CambriaMath/OT:script=math;language=DFLT;e
mbolden=2;+ssty=1;"
(fontspec)             - 'small caps'  (m/sc) with NFSS spec.: 
(fontspec)             and font adjustment code:
(fontspec)             \fontdimen 8\font =0.64941pt\relax \fontdimen 9\font
(fontspec)             =0.64941pt\relax \fontdimen 10\font =0.64941pt\relax
(fontspec)             \fontdimen 11\font =2.4414pt\relax \fontdimen 12\font
(fontspec)             =6.05469pt\relax \fontdimen 13\font =0pt\relax 

LaTeX Font Info:    Encoding `OMX' has changed to `TU' for symbol font
(Font)              `largesymbols' in the math version `bold' on input line 36.

LaTeX Font Info:    Overwriting symbol font `largesymbols' in version `bold'
(Font)                  OMX/cmex/m/n --> TU/CambriaMath(7)/m/n on input line 36
.

("C:\Users\palvi\AppData\Local\Programs\MiKTeX 2.9\tex/latex/xcolor\xcolor.sty"
Package: xcolor 2016/05/11 v2.12 LaTeX color extensions (UK)

("C:\Users\palvi\AppData\Local\Programs\MiKTeX 2.9\tex/latex/graphics-cfg\color
.cfg"
File: color.cfg 2016/01/02 v1.6 sample color configuration
)
Package xcolor Info: Driver file: xetex.def on input line 225.
Package xcolor Info: Model `cmy' substituted by `cmy0' on input line 1348.
Package xcolor Info: Model `RGB' extended on input line 1364.
Package xcolor Info: Model `HTML' substituted by `rgb' on input line 1366.
Package xcolor Info: Model `Hsb' substituted by `hsb' on input line 1367.
Package xcolor Info: Model `tHsb' substituted by `hsb' on input line 1368.
Package xcolor Info: Model `HSB' substituted by `hsb' on input line 1369.
Package xcolor Info: Model `Gray' substituted by `gray' on input line 1370.
Package xcolor Info: Model `wave' substituted by `hsb' on input line 1371.
)
runsystem(for ^%i in (pygmentize.exe pygmentize.bat pygmentize.cmd) do set > ma
chinelearning.aex <nul: /p x=^%~$PATH:i>> machinelearning.aex)...executed.

runsystem(del machinelearning.aex)...executed.

 (machinelearning.aux)
\openout1 = `machinelearning.aux'.

LaTeX Font Info:    Checking defaults for OML/cmm/m/it on input line 46.
LaTeX Font Info:    ... okay on input line 46.
LaTeX Font Info:    Checking defaults for T1/cmr/m/n on input line 46.
LaTeX Font Info:    ... okay on input line 46.
LaTeX Font Info:    Checking defaults for OT1/cmr/m/n on input line 46.
LaTeX Font Info:    ... okay on input line 46.
LaTeX Font Info:    Checking defaults for OMS/cmsy/m/n on input line 46.
LaTeX Font Info:    ... okay on input line 46.
LaTeX Font Info:    Checking defaults for TU/lmr/m/n on input line 46.
LaTeX Font Info:    ... okay on input line 46.
LaTeX Font Info:    Checking defaults for OMX/cmex/m/n on input line 46.
LaTeX Font Info:    ... okay on input line 46.
LaTeX Font Info:    Checking defaults for U/cmr/m/n on input line 46.
LaTeX Font Info:    ... okay on input line 46.
LaTeX Font Info:    Checking defaults for TS1/cmr/m/n on input line 46.
LaTeX Font Info:    ... okay on input line 46.

*geometry* detected driver: pdftex
*geometry* verbose mode - [ preamble ] result:
* driver: pdftex
* paper: a4paper
* layout: <same size as paper>
* layoutoffset:(h,v)=(0.0pt,0.0pt)
* modes: 
* h-part:(L,W,R)=(56.9055pt, 483.69687pt, 56.9055pt)
* v-part:(T,H,B)=(56.9055pt, 731.23584pt, 56.9055pt)
* \paperwidth=597.50787pt
* \paperheight=845.04684pt
* \textwidth=483.69687pt
* \textheight=731.23584pt
* \oddsidemargin=-15.36449pt
* \evensidemargin=-15.36449pt
* \topmargin=-52.36449pt
* \headheight=12.0pt
* \headsep=25.0pt
* \topskip=10.0pt
* \footskip=30.0pt
* \marginparwidth=57.0pt
* \marginparsep=11.0pt
* \columnsep=10.0pt
* \skip\footins=9.0pt plus 4.0pt minus 2.0pt
* \hoffset=0.0pt
* \voffset=0.0pt
* \mag=1000
* \@twocolumnfalse
* \@twosidefalse
* \@mparswitchfalse
* \@reversemarginfalse
* (1in=72.27pt=25.4mm, 1cm=28.453pt)

LaTeX Font Info:    Overwriting math alphabet `\mathrm' in version `normal'
(Font)                  TU/CambriaMath(1)/m/n --> TU/lmr/m/n on input line 46.
LaTeX Font Info:    Overwriting math alphabet `\mathit' in version `normal'
(Font)                  OT1/cmr/m/it --> TU/lmr/m/it on input line 46.
LaTeX Font Info:    Overwriting math alphabet `\mathbf' in version `normal'
(Font)                  OT1/cmr/bx/n --> TU/lmr/bx/n on input line 46.
LaTeX Font Info:    Overwriting math alphabet `\mathsf' in version `normal'
(Font)                  OT1/cmss/m/n --> TU/lmss/m/n on input line 46.
LaTeX Font Info:    Overwriting math alphabet `\mathsf' in version `bold'
(Font)                  OT1/cmss/m/n --> TU/lmss/bx/n on input line 46.
LaTeX Font Info:    Overwriting math alphabet `\mathtt' in version `normal'
(Font)                  OT1/cmtt/m/n --> TU/lmtt/m/n on input line 46.
LaTeX Font Info:    Overwriting math alphabet `\mathtt' in version `bold'
(Font)                  OT1/cmtt/m/n --> TU/lmtt/bx/n on input line 46.
LaTeX Font Info:    Font shape `TU/CambriaMath(2)/m/n' will be
(Font)              scaled to size 10.00107pt on input line 52.
LaTeX Font Info:    Font shape `TU/CambriaMath(2)/m/n' will be
(Font)              scaled to size 7.30078pt on input line 52.
LaTeX Font Info:    Font shape `TU/CambriaMath(2)/m/n' will be
(Font)              scaled to size 6.00064pt on input line 52.
LaTeX Font Info:    Font shape `TU/CambriaMath(3)/m/n' will be
(Font)              scaled to size 9.99893pt on input line 52.
LaTeX Font Info:    Font shape `TU/CambriaMath(3)/m/n' will be
(Font)              scaled to size 7.29921pt on input line 52.
LaTeX Font Info:    Font shape `TU/CambriaMath(3)/m/n' will be
(Font)              scaled to size 5.99936pt on input line 52.
LaTeX Font Info:    Font shape `TU/CambriaMath(2)/m/n' will be
(Font)              scaled to size 8.00085pt on input line 52.
LaTeX Font Info:    Font shape `TU/CambriaMath(2)/m/n' will be
(Font)              scaled to size 5.00053pt on input line 52.
LaTeX Font Info:    Font shape `TU/CambriaMath(3)/m/n' will be
(Font)              scaled to size 7.99915pt on input line 52.
LaTeX Font Info:    Font shape `TU/CambriaMath(3)/m/n' will be
(Font)              scaled to size 4.99947pt on input line 52.
\openout3 = `machinelearning.pyg'.

(_minted-machinelearning/default-pyg-prefix.pygstyle)
(_minted-machinelearning/default.pygstyle)
(_minted-machinelearning/99DB875F88AB783F34496E7D9C6B8B2F323EDE59F418A6D50BB468
F757EDA372.pygtex)
File: g1.png Graphic file (type bmp)
<g1.png>
\openout3 = `machinelearning.pyg'.


(_minted-machinelearning/7D72F7C4163ADF783AE2D282E13F4FAC323EDE59F418A6D50BB468
F757EDA372.pygtex) [1

]
\openout3 = `machinelearning.pyg'.


(_minted-machinelearning/5202FDC528435F6136453E293B5B2CB0323EDE59F418A6D50BB468
F757EDA372.pygtex)
File: g2.png Graphic file (type bmp)
<g2.png>
\openout3 = `machinelearning.pyg'.


(_minted-machinelearning/9AD7290543C4281E33CA5C7957F4ECEE323EDE59F418A6D50BB468
F757EDA372.pygtex) [2]
File: g3.jpeg Graphic file (type bmp)
<g3.jpeg>
LaTeX Font Info:    Font shape `TU/CambriaMath(2)/m/n' will be
(Font)              scaled to size 14.40152pt on input line 133.
LaTeX Font Info:    Font shape `TU/CambriaMath(2)/m/n' will be
(Font)              scaled to size 7.00075pt on input line 133.
LaTeX Font Info:    Font shape `TU/CambriaMath(3)/m/n' will be
(Font)              scaled to size 14.39845pt on input line 133.
LaTeX Font Info:    Font shape `TU/CambriaMath(3)/m/n' will be
(Font)              scaled to size 6.99925pt on input line 133.
LaTeX Font Info:    Font shape `TU/CambriaMath(6)/m/n' will be
(Font)              scaled to size 14.40152pt on input line 135.
LaTeX Font Info:    Font shape `TU/CambriaMath(6)/m/n' will be
(Font)              scaled to size 10.00107pt on input line 135.
LaTeX Font Info:    Font shape `TU/CambriaMath(6)/m/n' will be
(Font)              scaled to size 7.00075pt on input line 135.
LaTeX Font Info:    Font shape `TU/CambriaMath(7)/m/n' will be
(Font)              scaled to size 14.39845pt on input line 135.
LaTeX Font Info:    Font shape `TU/CambriaMath(7)/m/n' will be
(Font)              scaled to size 9.99893pt on input line 135.
LaTeX Font Info:    Font shape `TU/CambriaMath(7)/m/n' will be
(Font)              scaled to size 6.99925pt on input line 135.
 [3]
(_minted-machinelearning/0DC1D60875B8CCC06930897403A3B49363E6463067DB5D00FBB268
5C822A6254.pygtex
LaTeX Font Info:    Font shape `TU/lmtt/bx/n' in size <10> not available
(Font)              Font shape `TU/lmtt/b/n' tried instead on input line 2.
) [4]
(_minted-machinelearning/31605010947B34F5403B3C1877230524E224D095018E6F76BB2742
7013EF3290.pygtex) [5] (machinelearning.aux)
runsystem(del machinelearning.pyg)...executed.

 ) 
Here is how much of TeX's memory you used:
 22978 strings out of 427243
 449044 string characters out of 3141512
 855343 words of memory out of 3000000
 27236 multiletter control sequences out of 15000+200000
 542441 words of font info for 93 fonts, out of 3000000 for 9000
 1348 hyphenation exceptions out of 8191
 55i,13n,109p,843b,429s stack positions out of 5000i,500n,10000p,200000b,50000s

Output written on machinelearning.pdf (5 pages).
